
=== Running Experiment 1: Baseline ===
================================================================================
Experiment 1: Baseline Comparison
================================================================================

Evaluating dataset: BREAST_CANCER
Classifier                | Accuracy   | Macro F1   | AUC-ROC   
-----------------------------------------------------------------
Custom DecisionTree       | 0.9469     | 0.9405     | 0.9405    
Custom DecisionStump      | 0.8850     | 0.8596     | 0.8354    
Sklearn DecisionTree      | 0.9469     | 0.9405     | 0.9405    
Absolute Accuracy Difference (Custom vs Sklearn): 0.0000
=> VERIFICATION PASSED: Agreement is within the 2% threshold.

Evaluating dataset: ADULT
Classifier                | Accuracy   | Macro F1   | AUC-ROC   
-----------------------------------------------------------------
Custom DecisionTree       | 0.8119     | 0.7412     | 0.7430    
Custom DecisionStump      | 0.7638     | 0.4330     | 0.7627    
Sklearn DecisionTree      | 0.8109     | 0.7411     | 0.7440    
Absolute Accuracy Difference (Custom vs Sklearn): 0.0010
=> VERIFICATION PASSED: Agreement is within the 2% threshold.

Evaluating dataset: MNIST
Classifier                | Accuracy   | Macro F1   | AUC-ROC   
-----------------------------------------------------------------
Custom DecisionTree       | 0.9292     | 0.9288     | 0.9286    
Custom DecisionStump      | 0.8392     | 0.8386     | 0.8391    
Sklearn DecisionTree      | 0.9317     | 0.9314     | 0.9317    
Absolute Accuracy Difference (Custom vs Sklearn): 0.0025
=> VERIFICATION PASSED: Agreement is within the 2% threshold.

================================================================================


=== Running Experiment 2: AdaBoost Scaling ===
================================================================================
Experiment 2: AdaBoost Scaling
================================================================================

Training AdaBoost on dataset: BREAST_CANCER
Fitted 200 estimators (early stopping may have occurred).
Saved plot to figures/adaboost_scaling_breast_cancer.png

Training AdaBoost on dataset: ADULT
Fitted 200 estimators (early stopping may have occurred).
Saved plot to figures/adaboost_scaling_adult.png

Training AdaBoost on dataset: MNIST
Fitted 200 estimators (early stopping may have occurred).
Saved plot to figures/adaboost_scaling_mnist.png

================================================================================


=== Running Experiment 3: Random Forest Scaling ===
================================================================================
Experiment 3: Random Forest Scaling
================================================================================

Evaluating Random Forest scaling on dataset: BREAST_CANCER
Part (a): Varying n_estimators (max_depth=None)...
  n_estimators=1  : test_acc=0.9381, oob_score=0.9096
  n_estimators=10 : test_acc=0.9558, oob_score=0.9385
  n_estimators=20 : test_acc=0.9558, oob_score=0.9496
  n_estimators=40 : test_acc=0.9558, oob_score=0.9605
  n_estimators=60 : test_acc=0.9646, oob_score=0.9583
  n_estimators=80 : test_acc=0.9558, oob_score=0.9627
  n_estimators=100: test_acc=0.9558, oob_score=0.9605
  n_estimators=120: test_acc=0.9558, oob_score=0.9583
  n_estimators=140: test_acc=0.9558, oob_score=0.9605
  n_estimators=160: test_acc=0.9558, oob_score=0.9539
  n_estimators=180: test_acc=0.9646, oob_score=0.9583
  n_estimators=200: test_acc=0.9646, oob_score=0.9605
Saved plot to figures/rf_estimators_scaling_breast_cancer.png
Part (b): Varying max_depth (n_estimators=100)...
  max_depth=1 : test_acc=0.9292, oob_score=0.9189
  max_depth=2 : test_acc=0.9558, oob_score=0.9496
  max_depth=4 : test_acc=0.9558, oob_score=0.9605
  max_depth=6 : test_acc=0.9558, oob_score=0.9583
  max_depth=8 : test_acc=0.9558, oob_score=0.9605
  max_depth=10: test_acc=0.9558, oob_score=0.9605
  max_depth=12: test_acc=0.9558, oob_score=0.9605
  max_depth=14: test_acc=0.9558, oob_score=0.9605
  max_depth=16: test_acc=0.9558, oob_score=0.9605
  max_depth=18: test_acc=0.9558, oob_score=0.9605
  max_depth=20: test_acc=0.9558, oob_score=0.9605
Saved plot to figures/rf_depth_scaling_breast_cancer.png

Evaluating Random Forest scaling on dataset: ADULT
Part (a): Varying n_estimators (max_depth=None)...
  n_estimators=1  : test_acc=0.8337, oob_score=0.8346
  n_estimators=10 : test_acc=0.8614, oob_score=0.8479
  n_estimators=20 : test_acc=0.8661, oob_score=0.8581
  n_estimators=40 : test_acc=0.8651, oob_score=0.8625
  n_estimators=60 : test_acc=0.8652, oob_score=0.8624
  n_estimators=80 : test_acc=0.8649, oob_score=0.8642
  n_estimators=100: test_acc=0.8650, oob_score=0.8651
  n_estimators=120: test_acc=0.8656, oob_score=0.8648
  n_estimators=140: test_acc=0.8661, oob_score=0.8641
  n_estimators=160: test_acc=0.8662, oob_score=0.8646
  n_estimators=180: test_acc=0.8655, oob_score=0.8649
  n_estimators=200: test_acc=0.8657, oob_score=0.8650
Saved plot to figures/rf_estimators_scaling_adult.png
Part (b): Varying max_depth (n_estimators=100)...
  max_depth=1 : test_acc=0.7638, oob_score=0.7592
  max_depth=2 : test_acc=0.7687, oob_score=0.7663
  max_depth=4 : test_acc=0.8222, oob_score=0.8218
  max_depth=6 : test_acc=0.8474, oob_score=0.8450
  max_depth=8 : test_acc=0.8532, oob_score=0.8512
  max_depth=10: test_acc=0.8568, oob_score=0.8561
  max_depth=12: test_acc=0.8603, oob_score=0.8585
  max_depth=14: test_acc=0.8619, oob_score=0.8604
  max_depth=16: test_acc=0.8625, oob_score=0.8618
  max_depth=18: test_acc=0.8641, oob_score=0.8633
  max_depth=20: test_acc=0.8638, oob_score=0.8633
Saved plot to figures/rf_depth_scaling_adult.png

Evaluating Random Forest scaling on dataset: MNIST
Part (a): Varying n_estimators (max_depth=None)...
  n_estimators=1  : test_acc=0.8950, oob_score=0.9148
  n_estimators=10 : test_acc=0.9750, oob_score=0.9455
  n_estimators=20 : test_acc=0.9750, oob_score=0.9644
  n_estimators=40 : test_acc=0.9758, oob_score=0.9758
  n_estimators=60 : test_acc=0.9775, oob_score=0.9804
  n_estimators=80 : test_acc=0.9792, oob_score=0.9812
  n_estimators=100: test_acc=0.9817, oob_score=0.9812
  n_estimators=120: test_acc=0.9800, oob_score=0.9823
  n_estimators=140: test_acc=0.9817, oob_score=0.9825
  n_estimators=160: test_acc=0.9800, oob_score=0.9825
  n_estimators=180: test_acc=0.9792, oob_score=0.9823
  n_estimators=200: test_acc=0.9792, oob_score=0.9821
Saved plot to figures/rf_estimators_scaling_mnist.png
Part (b): Varying max_depth (n_estimators=100)...
  max_depth=1 : test_acc=0.9008, oob_score=0.8988
  max_depth=2 : test_acc=0.9192, oob_score=0.9248
  max_depth=4 : test_acc=0.9483, oob_score=0.9519
  max_depth=6 : test_acc=0.9667, oob_score=0.9673
  max_depth=8 : test_acc=0.9767, oob_score=0.9762
  max_depth=10: test_acc=0.9792, oob_score=0.9783
  max_depth=12: test_acc=0.9783, oob_score=0.9804
  max_depth=14: test_acc=0.9817, oob_score=0.9810
  max_depth=16: test_acc=0.9792, oob_score=0.9815
  max_depth=18: test_acc=0.9808, oob_score=0.9817
  max_depth=20: test_acc=0.9817, oob_score=0.9812
Saved plot to figures/rf_depth_scaling_mnist.png

================================================================================


=== Running Experiment 4: Head-to-Head Comparison ===
================================================================================
Experiment 4: Head-to-Head Comparison (100 estimators, 5-fold CV)
================================================================================

Evaluating dataset: BREAST_CANCER

Model                      | Accuracy           | Macro F1           | AUC-ROC           
------------------------------------------------------------------------------------------
Single Tree                | 0.9245 ± 0.0208    | 0.9205 ± 0.0215    | 0.9265 ± 0.0200   
AdaBoost                   | 0.9755 ± 0.0186    | 0.9737 ± 0.0198    | 0.9937 ± 0.0054   
Random Forest (custom)     | 0.9631 ± 0.0203    | 0.9604 ± 0.0217    | 0.9891 ± 0.0084   
Random Forest (sklearn)    | 0.9631 ± 0.0210    | 0.9604 ± 0.0226    | 0.9900 ± 0.0073   
Saved box plots to figures/head_to_head_{accuracy,macro_f1,auc_roc}_breast_cancer.png

Evaluating dataset: ADULT

Model                      | Accuracy           | Macro F1           | AUC-ROC           
------------------------------------------------------------------------------------------
Single Tree                | 0.8158 ± 0.0045    | 0.7487 ± 0.0052    | 0.7503 ± 0.0052   
AdaBoost                   | 0.8548 ± 0.0035    | 0.7813 ± 0.0050    | 0.9093 ± 0.0035   
Random Forest (custom)     | 0.8657 ± 0.0036    | 0.8007 ± 0.0052    | 0.9180 ± 0.0039   
Random Forest (sklearn)    | 0.8553 ± 0.0036    | 0.7895 ± 0.0053    | 0.9028 ± 0.0029   
Saved box plots to figures/head_to_head_{accuracy,macro_f1,auc_roc}_adult.png

Evaluating dataset: MNIST

Model                      | Accuracy           | Macro F1           | AUC-ROC           
------------------------------------------------------------------------------------------
Single Tree                | 0.9407 ± 0.0061    | 0.9406 ± 0.0061    | 0.9407 ± 0.0060   
AdaBoost                   | 0.9505 ± 0.0032    | 0.9505 ± 0.0032    | 0.9882 ± 0.0012   
Random Forest (custom)     | 0.9808 ± 0.0035    | 0.9808 ± 0.0035    | 0.9976 ± 0.0008   
Random Forest (sklearn)    | 0.9822 ± 0.0032    | 0.9822 ± 0.0032    | 0.9980 ± 0.0006   
Saved box plots to figures/head_to_head_{accuracy,macro_f1,auc_roc}_mnist.png

================================================================================


=== Running Experiment 5: Noise Robustness ===
================================================================================
Experiment 5: Noise Robustness (label flipping)
================================================================================

Evaluating dataset: BREAST_CANCER
eta      | AdaBoost acc.    | Random Forest acc.  
--------------------------------------------------
0.00     | 0.9558           | 0.9558              
0.05     | 0.9292           | 0.9558              
0.10     | 0.9292           | 0.9469              
0.20     | 0.8761           | 0.9558              
Saved plot to figures/noise_robustness_breast_cancer.png
Accuracy drop (eta=0 -> eta=0.20): AdaBoost=0.0796, Random Forest=0.0000 => AdaBoost degrades more on BREAST_CANCER.

Evaluating dataset: ADULT
eta      | AdaBoost acc.    | Random Forest acc.  
--------------------------------------------------
0.00     | 0.8565           | 0.8650              
0.05     | 0.8545           | 0.8625              
0.10     | 0.8555           | 0.8638              
0.20     | 0.8527           | 0.8573              
Saved plot to figures/noise_robustness_adult.png
Accuracy drop (eta=0 -> eta=0.20): AdaBoost=0.0038, Random Forest=0.0077 => Random Forest degrades more on ADULT.

Evaluating dataset: MNIST
eta      | AdaBoost acc.    | Random Forest acc.  
--------------------------------------------------
0.00     | 0.9508           | 0.9817              
0.05     | 0.9367           | 0.9825              
0.10     | 0.9300           | 0.9750              
/home/shahin/ml-project/src/trees/decision_tree.py:230: RuntimeWarning: divide by zero encountered in divide
  rp = rc / rw[:, None]                        # right class probs
/home/shahin/ml-project/src/trees/decision_tree.py:230: RuntimeWarning: invalid value encountered in divide
  rp = rc / rw[:, None]                        # right class probs
/home/shahin/ml-project/src/trees/decision_tree.py:230: RuntimeWarning: invalid value encountered in divide
  rp = rc / rw[:, None]                        # right class probs
/home/shahin/ml-project/src/trees/decision_tree.py:230: RuntimeWarning: divide by zero encountered in divide
  rp = rc / rw[:, None]                        # right class probs
0.20     | 0.9200           | 0.9767              
Saved plot to figures/noise_robustness_mnist.png
Accuracy drop (eta=0 -> eta=0.20): AdaBoost=0.0308, Random Forest=0.0050 => AdaBoost degrades more on MNIST.

================================================================================


=== Running Experiment 6: Bias-Variance Decomposition ===
=======================================================
Bias-Variance Decomposition (B = 100)
=======================================================
DecisionTree    Bias² = 0.0408   Variance = 0.0352
AdaBoost        Bias² = 0.0231   Variance = 0.0131
RandomForest    Bias² = 0.0317   Variance = 0.0076
=======================================================

=== Running Experiment 7: Unsupervised Analysis ===
=======================================================
1. Scree plot
=======================================================
Components needed for >=90% variance: 7
=======================================================
2. Elbow method for K-Means
=======================================================
K-Means (k=2) ARI: 0.6536
=======================================================
3. K-distance plot for DBSCAN
=======================================================
DBSCAN (eps=3.5) ARI: 0.0653, noise fraction: 0.1318
=======================================================
4. PCA scatter comparison
=======================================================

=== Running Bonus: Gradient Boosting vs AdaBoost ===

Evaluating models on dataset: breast_cancer ...
Results for breast_cancer:
  AdaBoost  : Accuracy = 0.9683 ± 0.0144 | Macro-F1 = 0.9657 ± 0.0162 | AUC-ROC  = 0.9938 ± 0.0064
  GBM       : Accuracy = 0.9561 ± 0.0147 | Macro-F1 = 0.9526 ± 0.0157 | AUC-ROC  = 0.9898 ± 0.0062
Saved figure: figures/gbm_vs_adaboost_breast_cancer.png

Evaluating models on dataset: adult ...
Results for adult:
  AdaBoost  : Accuracy = 0.8530 ± 0.0133 | Macro-F1 = 0.7869 ± 0.0302 | AUC-ROC  = 0.9122 ± 0.0233
  GBM       : Accuracy = 0.8410 ± 0.0058 | Macro-F1 = 0.7564 ± 0.0163 | AUC-ROC  = 0.8943 ± 0.0343
Saved figure: figures/gbm_vs_adaboost_adult.png

Evaluating models on dataset: mnist ...
Results for mnist:
  AdaBoost  : Accuracy = 0.9450 ± 0.0170 | Macro-F1 = 0.9448 ± 0.0172 | AUC-ROC  = 0.9871 ± 0.0084
  GBM       : Accuracy = 0.9270 ± 0.0211 | Macro-F1 = 0.9265 ± 0.0218 | AUC-ROC  = 0.9827 ± 0.0083
Saved figure: figures/gbm_vs_adaboost_mnist.png

=== Running Bonus: SAMME vs SAMME.R Calibration ===
Loading Iris dataset...
Training SAMME and SAMME.R models with n_estimators=80...

==================================================
Final Results (at 80 rounds):
SAMME (Discrete):
  Train Accuracy: 1.0000
  Test Accuracy : 0.9000
  Test Brier    : 0.2001
  Test Log-Loss : 0.6648
--------------------------------------------------
SAMME.R (Real):
  Train Accuracy: 0.9750
  Test Accuracy : 0.9000
  Test Brier    : 0.1223
  Test Log-Loss : 0.1889
==================================================

Comparison plot saved successfully to figures/sammer_comparison.png
